<?xml version="1.0" encoding="UTF-8"?>
<!-- Generated by org.testng.reporters.JUnitXMLReporter -->
<testsuite ignored="0" hostname="lenovo-PC" failures="0" tests="4" name="Surefire test" time="25.512" errors="0" timestamp="2023-08-30T23:42:58 IST">
  <testcase classname="api.test.UserTest" name="testPostUser" time="6.815"/>
  <testcase classname="api.test.UserTest" name="testGetUser" time="5.698"/>
  <testcase classname="api.test.UserTest" name="testUpdateUser" time="9.957"/>
  <testcase classname="api.test.UserTest" name="testDeleteUser" time="2.556"/>
</testsuite> <!-- Surefire test -->
