<?xml version="1.0" encoding="UTF-8"?>
<!-- Generated by org.testng.reporters.JUnitXMLReporter -->
<testsuite ignored="0" hostname="lenovo-PC" failures="0" tests="8" name="Default test" time="22.526" errors="0" timestamp="2023-08-29T22:53:54 IST">
  <testcase classname="api.test.PostUserDataDriven" name="testPostUser" time="6.201"/>
  <testcase classname="api.test.PostUserDataDriven" name="testPostUser" time="1.714"/>
  <testcase classname="api.test.PostUserDataDriven" name="testPostUser" time="1.765"/>
  <testcase classname="api.test.PostUserDataDriven" name="testPostUser" time="1.58"/>
  <testcase classname="api.test.PostUserDataDriven" name="deleteUserByName" time="1.711"/>
  <testcase classname="api.test.PostUserDataDriven" name="deleteUserByName" time="1.599"/>
  <testcase classname="api.test.PostUserDataDriven" name="deleteUserByName" time="1.909"/>
  <testcase classname="api.test.PostUserDataDriven" name="deleteUserByName" time="1.461"/>
</testsuite> <!-- Default test -->
