<?xml version="1.0" encoding="UTF-8"?>
<testng-results ignored="0" total="4" passed="4" failed="0" skipped="0">
  <reporter-output>
  </reporter-output>
  <suite started-at="2023-08-31T00:52:15 IST" name="PetSuite" finished-at="2023-08-31T00:52:44 IST" duration-ms="29030">
    <groups>
    </groups>
    <test started-at="2023-08-31T00:52:15 IST" name="Test" finished-at="2023-08-31T00:52:44 IST" duration-ms="29030">
      <class name="api.test.UserTest">
        <test-method is-config="true" signature="setData()[pri:0, instance:api.test.UserTest@353d0772]" started-at="2023-08-31T00:52:16 IST" name="setData" finished-at="2023-08-31T00:52:16 IST" duration-ms="655" status="PASS">
          <reporter-output>
          </reporter-output>
        </test-method> <!-- setData -->
        <test-method signature="testPostUser()[pri:1, instance:api.test.UserTest@353d0772]" started-at="2023-08-31T00:52:17 IST" name="testPostUser" finished-at="2023-08-31T00:52:26 IST" duration-ms="9232" status="PASS">
          <reporter-output>
          </reporter-output>
        </test-method> <!-- testPostUser -->
        <test-method signature="testGetUser()[pri:2, instance:api.test.UserTest@353d0772]" started-at="2023-08-31T00:52:26 IST" name="testGetUser" finished-at="2023-08-31T00:52:30 IST" duration-ms="4099" status="PASS">
          <reporter-output>
          </reporter-output>
        </test-method> <!-- testGetUser -->
        <test-method signature="testUpdateUser()[pri:3, instance:api.test.UserTest@353d0772]" started-at="2023-08-31T00:52:30 IST" name="testUpdateUser" finished-at="2023-08-31T00:52:39 IST" duration-ms="8924" status="PASS">
          <reporter-output>
          </reporter-output>
        </test-method> <!-- testUpdateUser -->
        <test-method signature="testDeleteUser()[pri:4, instance:api.test.UserTest@353d0772]" started-at="2023-08-31T00:52:39 IST" name="testDeleteUser" finished-at="2023-08-31T00:52:44 IST" duration-ms="5597" status="PASS">
          <reporter-output>
          </reporter-output>
        </test-method> <!-- testDeleteUser -->
      </class> <!-- api.test.UserTest -->
    </test> <!-- Test -->
  </suite> <!-- PetSuite -->
</testng-results>
