<?xml version="1.0" encoding="UTF-8"?>
<testng-results ignored="0" total="4" passed="4" failed="0" skipped="0">
  <reporter-output>
  </reporter-output>
  <suite started-at="2023-08-30T01:11:25 IST" name="PetSuite" finished-at="2023-08-30T01:11:41 IST" duration-ms="15348">
    <groups>
    </groups>
    <test started-at="2023-08-30T01:11:25 IST" name="Test" finished-at="2023-08-30T01:11:41 IST" duration-ms="15348">
      <class name="api.test.UserTest">
        <test-method is-config="true" signature="setData()[pri:0, instance:api.test.UserTest@323b36e0]" started-at="2023-08-30T01:11:26 IST" name="setData" finished-at="2023-08-30T01:11:27 IST" duration-ms="409" status="PASS">
          <reporter-output>
          </reporter-output>
        </test-method> <!-- setData -->
        <test-method signature="testPostUser()[pri:1, instance:api.test.UserTest@323b36e0]" started-at="2023-08-30T01:11:27 IST" name="testPostUser" finished-at="2023-08-30T01:11:34 IST" duration-ms="7193" status="PASS">
          <reporter-output>
          </reporter-output>
        </test-method> <!-- testPostUser -->
        <test-method signature="testGetUser()[pri:2, instance:api.test.UserTest@323b36e0]" started-at="2023-08-30T01:11:34 IST" name="testGetUser" finished-at="2023-08-30T01:11:36 IST" duration-ms="1929" status="PASS">
          <reporter-output>
          </reporter-output>
        </test-method> <!-- testGetUser -->
        <test-method signature="testUpdateUser()[pri:3, instance:api.test.UserTest@323b36e0]" started-at="2023-08-30T01:11:36 IST" name="testUpdateUser" finished-at="2023-08-30T01:11:39 IST" duration-ms="3150" status="PASS">
          <reporter-output>
          </reporter-output>
        </test-method> <!-- testUpdateUser -->
        <test-method signature="testDeleteUser()[pri:4, instance:api.test.UserTest@323b36e0]" started-at="2023-08-30T01:11:39 IST" name="testDeleteUser" finished-at="2023-08-30T01:11:41 IST" duration-ms="1589" status="PASS">
          <reporter-output>
          </reporter-output>
        </test-method> <!-- testDeleteUser -->
      </class> <!-- api.test.UserTest -->
    </test> <!-- Test -->
  </suite> <!-- PetSuite -->
</testng-results>
