<?xml version="1.0" encoding="UTF-8"?>
<!-- Generated by org.testng.reporters.JUnitXMLReporter -->
<testsuite ignored="0" hostname="lenovo-PC" failures="0" tests="4" name="Test" time="29.03" errors="0" timestamp="2023-08-31T00:52:46 IST">
  <testcase classname="api.test.UserTest" name="testPostUser" time="9.232"/>
  <testcase classname="api.test.UserTest" name="testGetUser" time="4.099"/>
  <testcase classname="api.test.UserTest" name="testUpdateUser" time="8.924"/>
  <testcase classname="api.test.UserTest" name="testDeleteUser" time="5.597"/>
</testsuite> <!-- Test -->
