<?xml version="1.0" encoding="UTF-8"?>
<!-- Generated by org.testng.reporters.JUnitXMLReporter -->
<testsuite ignored="0" hostname="lenovo-PC" failures="0" tests="4" name="Test" time="15.348" errors="0" timestamp="2023-08-30T01:11:42 IST">
  <testcase classname="api.test.UserTest" name="testPostUser" time="7.193"/>
  <testcase classname="api.test.UserTest" name="testGetUser" time="1.929"/>
  <testcase classname="api.test.UserTest" name="testUpdateUser" time="3.15"/>
  <testcase classname="api.test.UserTest" name="testDeleteUser" time="1.589"/>
</testsuite> <!-- Test -->
